2024-01-26T14:38:19.087+05:30  INFO 30728 --- [main] c.t.e.EStoreSpringbootApplication        : Starting EStoreSpringbootApplication using Java 17.0.9 with PID 30728 (C:\Workspace\Eclipse\e-store-springboot\target\classes started by tamil in C:\Workspace\Eclipse\e-store-springboot)
2024-01-26T14:38:19.090+05:30  INFO 30728 --- [main] c.t.e.EStoreSpringbootApplication        : No active profile set, falling back to 1 default profile: "default"
2024-01-26T14:38:20.480+05:30  INFO 30728 --- [main] .s.d.r.c.RepositoryConfigurationDelegate : Bootstrapping Spring Data JPA repositories in DEFAULT mode.
2024-01-26T14:38:20.745+05:30  INFO 30728 --- [main] .s.d.r.c.RepositoryConfigurationDelegate : Finished Spring Data repository scanning in 226 ms. Found 15 JPA repository interfaces.
2024-01-26T14:38:22.487+05:30  INFO 30728 --- [main] o.s.b.w.embedded.tomcat.TomcatWebServer  : Tomcat initialized with port 8080 (http)
2024-01-26T14:38:22.548+05:30  INFO 30728 --- [main] o.apache.catalina.core.StandardService   : Starting service [Tomcat]
2024-01-26T14:38:22.549+05:30  INFO 30728 --- [main] o.apache.catalina.core.StandardEngine    : Starting Servlet engine: [Apache Tomcat/10.1.17]
2024-01-26T14:38:22.843+05:30  INFO 30728 --- [main] o.a.c.c.C.[Tomcat].[localhost].[/]       : Initializing Spring embedded WebApplicationContext
2024-01-26T14:38:22.845+05:30  INFO 30728 --- [main] w.s.c.ServletWebServerApplicationContext : Root WebApplicationContext: initialization completed in 3672 ms
2024-01-26T14:38:23.427+05:30  INFO 30728 --- [main] com.zaxxer.hikari.HikariDataSource       : HikariPool-1 - Starting...
2024-01-26T14:38:25.685+05:30  INFO 30728 --- [main] com.zaxxer.hikari.pool.HikariPool        : HikariPool-1 - Added connection com.mysql.cj.jdbc.ConnectionImpl@23ea8830
2024-01-26T14:38:25.687+05:30  INFO 30728 --- [main] com.zaxxer.hikari.HikariDataSource       : HikariPool-1 - Start completed.
2024-01-26T14:38:25.757+05:30  INFO 30728 --- [main] o.hibernate.jpa.internal.util.LogHelper  : HHH000204: Processing PersistenceUnitInfo [name: default]
2024-01-26T14:38:25.840+05:30  INFO 30728 --- [main] org.hibernate.Version                    : HHH000412: Hibernate ORM core version 6.4.1.Final
2024-01-26T14:38:25.890+05:30  INFO 30728 --- [main] o.h.c.internal.RegionFactoryInitiator    : HHH000026: Second-level cache disabled
2024-01-26T14:38:26.173+05:30  INFO 30728 --- [main] o.s.o.j.p.SpringPersistenceUnitInfo      : No LoadTimeWeaver setup: ignoring JPA class transformer
2024-01-26T14:38:26.437+05:30  WARN 30728 --- [main] org.hibernate.orm.deprecation            : HHH90000025: MySQL8Dialect does not need to be specified explicitly using 'hibernate.dialect' (remove the property setting and it will be selected by default)
2024-01-26T14:38:26.438+05:30  WARN 30728 --- [main] org.hibernate.orm.deprecation            : HHH90000026: MySQL8Dialect has been deprecated; use org.hibernate.dialect.MySQLDialect instead
2024-01-26T14:38:30.752+05:30  INFO 30728 --- [main] o.h.e.t.j.p.i.JtaPlatformInitiator       : HHH000489: No JTA platform available (set 'hibernate.transaction.jta.platform' to enable JTA platform integration)
2024-01-26T14:38:30.757+05:30  INFO 30728 --- [main] j.LocalContainerEntityManagerFactoryBean : Initialized JPA EntityManagerFactory for persistence unit 'default'
2024-01-26T14:38:34.155+05:30  INFO 30728 --- [main] o.s.d.j.r.query.QueryEnhancerFactory     : Hibernate is in classpath; If applicable, HQL parser will be used.
2024-01-26T14:38:38.593+05:30  WARN 30728 --- [main] JpaBaseConfiguration$JpaWebConfiguration : spring.jpa.open-in-view is enabled by default. Therefore, database queries may be performed during view rendering. Explicitly configure spring.jpa.open-in-view to disable this warning
2024-01-26T14:38:46.335+05:30  INFO 30728 --- [main] efaultSchemaResourceGraphQlSourceBuilder : Loaded 13 resource(s) in the GraphQL schema.
2024-01-26T14:38:48.243+05:30  INFO 30728 --- [main] o.s.b.a.g.GraphQlAutoConfiguration       : GraphQL schema inspection:
	Unmapped fields: {DiscountResponse=[successMessage], ProductFeedbackResponse=[successMessage], ProductFeedbackReplyResponse=[successMessage], ProductStocksResponse=[successMessage], Query=[getProductStockssListByProductUuid], UserResponse=[successMessage], RoleResponse=[successMessage], Mutation=[addNewSeller], UserAddressDetailResponse=[successMessage], UserRoleResponse=[successMessage]}
	Unmapped registrations: {Query.getUser=UserController#getUser[1 args], Query.getAllProductSubCategories=ProductSubCategoryController#getAllProductSubCategories[1 args], Query.getAllProductCategories=ProductCategoryController#getAllProductCategories[0 args], Query.getAllActiveProductSubCategories=ProductSubCategoryController#getAllActiveProductSubCategories[1 args], Query.getProductStocksListByProductUuid=ProductStocksController#getProductStocksListByProductUuid[1 args], Query.getAllActiveProductCategories=ProductCategoryController#getAllActiveProductCategories[0 args], Query.getSellerAddressDetails=SellerAddressDetailController#getSellerAddressDetails[1 args]}
	Skipped types: [Product, ProductDetailView]
2024-01-26T14:38:48.330+05:30  INFO 30728 --- [main] s.b.a.g.s.GraphQlWebMvcAutoConfiguration : GraphQL endpoint HTTP POST /graphql
2024-01-26T14:38:48.861+05:30  INFO 30728 --- [main] o.s.s.web.DefaultSecurityFilterChain     : Will secure any request with [org.springframework.security.web.session.DisableEncodeUrlFilter@3bc1ed53, org.springframework.security.web.context.request.async.WebAsyncManagerIntegrationFilter@4037fcc, org.springframework.security.web.context.SecurityContextHolderFilter@77889f63, org.springframework.security.web.header.HeaderWriterFilter@7ece1800, org.springframework.web.filter.CorsFilter@8aa77a4, org.springframework.security.web.csrf.CsrfFilter@1f481ec3, org.springframework.security.web.authentication.logout.LogoutFilter@4ddb2c51, com.tamilcreations.estorespringboot.security.JwtAuthenticationFilter@6d81522b, org.springframework.security.web.savedrequest.RequestCacheAwareFilter@201b8a01, org.springframework.security.web.servletapi.SecurityContextHolderAwareRequestFilter@5d798a2c, org.springframework.security.web.authentication.AnonymousAuthenticationFilter@599e81bd, org.springframework.security.web.access.ExceptionTranslationFilter@6900954e, org.springframework.security.web.access.intercept.AuthorizationFilter@708f8545]
2024-01-26T14:38:50.900+05:30  INFO 30728 --- [main] o.s.b.w.embedded.tomcat.TomcatWebServer  : Tomcat started on port 8080 (http) with context path ''
2024-01-26T14:38:51.005+05:30  INFO 30728 --- [main] c.t.e.EStoreSpringbootApplication        : Started EStoreSpringbootApplication in 32.47 seconds (process running for 32.975)
2024-01-26T14:39:04.278+05:30  INFO 30728 --- [http-nio-8080-exec-2] o.a.c.c.C.[Tomcat].[localhost].[/]       : Initializing Spring DispatcherServlet 'dispatcherServlet'
2024-01-26T14:39:04.278+05:30  INFO 30728 --- [http-nio-8080-exec-2] o.s.web.servlet.DispatcherServlet        : Initializing Servlet 'dispatcherServlet'
2024-01-26T14:39:04.279+05:30  INFO 30728 --- [http-nio-8080-exec-2] o.s.web.servlet.DispatcherServlet        : Completed initialization in 1 ms
2024-01-26T14:39:04.321+05:30 DEBUG 30728 --- [http-nio-8080-exec-2] o.s.security.web.FilterChainProxy        : Securing POST /graphql
2024-01-26T14:39:04.349+05:30 DEBUG 30728 --- [http-nio-8080-exec-2] o.s.security.web.FilterChainProxy        : Secured POST /graphql
2024-01-26T14:39:04.551+05:30 DEBUG 30728 --- [http-nio-8080-exec-2] horizationManagerBeforeMethodInterceptor : Authorizing method invocation ReflectiveMethodInvocation: public com.tamilcreations.estorespringboot.products.feedbacks.ProductFeedbackResponse com.tamilcreations.estorespringboot.products.feedbacks.ProductFeedbackController.addNewProductFeedback(com.tamilcreations.estorespringboot.products.feedbacks.ProductFeedbackInput) throws java.lang.Exception; target is of class [com.tamilcreations.estorespringboot.products.feedbacks.ProductFeedbackController]
2024-01-26T14:39:04.554+05:30 DEBUG 30728 --- [http-nio-8080-exec-2] horizationManagerBeforeMethodInterceptor : Authorized method invocation ReflectiveMethodInvocation: public com.tamilcreations.estorespringboot.products.feedbacks.ProductFeedbackResponse com.tamilcreations.estorespringboot.products.feedbacks.ProductFeedbackController.addNewProductFeedback(com.tamilcreations.estorespringboot.products.feedbacks.ProductFeedbackInput) throws java.lang.Exception; target is of class [com.tamilcreations.estorespringboot.products.feedbacks.ProductFeedbackController]
2024-01-26T14:39:04.558+05:30  INFO 30728 --- [http-nio-8080-exec-2] c.t.e.aspect.LoggingAspect               : CorrelationId:null : Entering method: com.tamilcreations.estorespringboot.products.feedbacks.ProductFeedbackController.addNewProductFeedback null
2024-01-26T14:39:04.564+05:30  INFO 30728 --- [http-nio-8080-exec-2] c.t.e.aspect.LoggingAspect               : CorrelationId:2ad2e917-69bb-4d4b-a6c1-6312a1ca0273 : Entering @MutationMapping method: com.tamilcreations.estorespringboot.products.feedbacks.ProductFeedbackController.addNewProductFeedback 2ad2e917-69bb-4d4b-a6c1-6312a1ca0273
2024-01-26T14:39:04.906+05:30  INFO 30728 --- [http-nio-8080-exec-2] c.t.e.aspect.LoggingAspect               : CorrelationId:2ad2e917-69bb-4d4b-a6c1-6312a1ca0273 : Entering method: com.tamilcreations.estorespringboot.products.feedbacks.ProductFeedbackService.addNewProductFeedback 2ad2e917-69bb-4d4b-a6c1-6312a1ca0273
2024-01-26T14:39:05.091+05:30  INFO 30728 --- [http-nio-8080-exec-2] c.t.e.aspect.LoggingAspect               : CorrelationId:2ad2e917-69bb-4d4b-a6c1-6312a1ca0273 : After returning value in the method: com.tamilcreations.estorespringboot.products.feedbacks.ProductFeedbackService.addNewProductFeedback 
2024-01-26T14:39:05.092+05:30  INFO 30728 --- [http-nio-8080-exec-2] c.t.e.aspect.LoggingAspect               : CorrelationId:2ad2e917-69bb-4d4b-a6c1-6312a1ca0273 : Exiting method: com.tamilcreations.estorespringboot.products.feedbacks.ProductFeedbackService.addNewProductFeedback 2ad2e917-69bb-4d4b-a6c1-6312a1ca0273
2024-01-26T14:39:05.159+05:30  INFO 30728 --- [http-nio-8080-exec-2] c.t.e.aspect.LoggingAspect               : CorrelationId:2ad2e917-69bb-4d4b-a6c1-6312a1ca0273 : After returning value in the method: com.tamilcreations.estorespringboot.products.feedbacks.ProductFeedbackController.addNewProductFeedback 
2024-01-26T14:39:05.159+05:30  INFO 30728 --- [http-nio-8080-exec-2] c.t.e.aspect.LoggingAspect               : CorrelationId:2ad2e917-69bb-4d4b-a6c1-6312a1ca0273 : Exiting method: com.tamilcreations.estorespringboot.products.feedbacks.ProductFeedbackController.addNewProductFeedback 2ad2e917-69bb-4d4b-a6c1-6312a1ca0273
2024-01-26T14:39:05.249+05:30 DEBUG 30728 --- [http-nio-8080-exec-2] o.s.security.web.FilterChainProxy        : Securing POST /graphql
2024-01-26T14:39:05.250+05:30 DEBUG 30728 --- [http-nio-8080-exec-2] o.s.security.web.FilterChainProxy        : Secured POST /graphql
2024-01-26T14:39:05.298+05:30 DEBUG 30728 --- [http-nio-8080-exec-2] o.s.s.w.a.AnonymousAuthenticationFilter  : Set SecurityContextHolder to anonymous SecurityContext
2024-01-26T14:43:10.004+05:30  INFO 2480 --- [main] c.t.e.EStoreSpringbootApplication        : Starting EStoreSpringbootApplication using Java 17.0.9 with PID 2480 (C:\Workspace\Eclipse\e-store-springboot\target\classes started by tamil in C:\Workspace\Eclipse\e-store-springboot)
2024-01-26T14:43:10.061+05:30  INFO 2480 --- [main] c.t.e.EStoreSpringbootApplication        : No active profile set, falling back to 1 default profile: "default"
2024-01-26T14:43:14.334+05:30  INFO 2480 --- [main] .s.d.r.c.RepositoryConfigurationDelegate : Bootstrapping Spring Data JPA repositories in DEFAULT mode.
2024-01-26T14:43:15.052+05:30  INFO 2480 --- [main] .s.d.r.c.RepositoryConfigurationDelegate : Finished Spring Data repository scanning in 626 ms. Found 15 JPA repository interfaces.
2024-01-26T14:43:22.733+05:30  INFO 2480 --- [main] o.s.b.w.embedded.tomcat.TomcatWebServer  : Tomcat initialized with port 8080 (http)
2024-01-26T14:43:23.266+05:30  INFO 2480 --- [main] o.apache.catalina.core.StandardService   : Starting service [Tomcat]
2024-01-26T14:43:23.274+05:30  INFO 2480 --- [main] o.apache.catalina.core.StandardEngine    : Starting Servlet engine: [Apache Tomcat/10.1.17]
2024-01-26T14:43:25.123+05:30  INFO 2480 --- [main] o.a.c.c.C.[Tomcat].[localhost].[/]       : Initializing Spring embedded WebApplicationContext
2024-01-26T14:43:25.130+05:30  INFO 2480 --- [main] w.s.c.ServletWebServerApplicationContext : Root WebApplicationContext: initialization completed in 14552 ms
2024-01-26T14:43:26.308+05:30  INFO 2480 --- [main] com.zaxxer.hikari.HikariDataSource       : HikariPool-1 - Starting...
2024-01-26T14:43:27.649+05:30  INFO 2480 --- [main] com.zaxxer.hikari.pool.HikariPool        : HikariPool-1 - Added connection com.mysql.cj.jdbc.ConnectionImpl@4416e18d
2024-01-26T14:43:27.651+05:30  INFO 2480 --- [main] com.zaxxer.hikari.HikariDataSource       : HikariPool-1 - Start completed.
2024-01-26T14:43:27.746+05:30  INFO 2480 --- [main] o.hibernate.jpa.internal.util.LogHelper  : HHH000204: Processing PersistenceUnitInfo [name: default]
2024-01-26T14:43:27.980+05:30  INFO 2480 --- [main] org.hibernate.Version                    : HHH000412: Hibernate ORM core version 6.4.1.Final
2024-01-26T14:43:28.800+05:30  INFO 2480 --- [main] o.h.c.internal.RegionFactoryInitiator    : HHH000026: Second-level cache disabled
2024-01-26T14:43:32.165+05:30  INFO 2480 --- [main] o.s.o.j.p.SpringPersistenceUnitInfo      : No LoadTimeWeaver setup: ignoring JPA class transformer
2024-01-26T14:43:32.372+05:30  WARN 2480 --- [main] org.hibernate.orm.deprecation            : HHH90000025: MySQL8Dialect does not need to be specified explicitly using 'hibernate.dialect' (remove the property setting and it will be selected by default)
2024-01-26T14:43:32.373+05:30  WARN 2480 --- [main] org.hibernate.orm.deprecation            : HHH90000026: MySQL8Dialect has been deprecated; use org.hibernate.dialect.MySQLDialect instead
2024-01-26T14:43:37.577+05:30  INFO 2480 --- [main] o.h.e.t.j.p.i.JtaPlatformInitiator       : HHH000489: No JTA platform available (set 'hibernate.transaction.jta.platform' to enable JTA platform integration)
2024-01-26T14:43:37.581+05:30  INFO 2480 --- [main] j.LocalContainerEntityManagerFactoryBean : Initialized JPA EntityManagerFactory for persistence unit 'default'
2024-01-26T14:43:42.701+05:30  INFO 2480 --- [main] o.s.d.j.r.query.QueryEnhancerFactory     : Hibernate is in classpath; If applicable, HQL parser will be used.
2024-01-26T14:43:49.959+05:30  WARN 2480 --- [main] JpaBaseConfiguration$JpaWebConfiguration : spring.jpa.open-in-view is enabled by default. Therefore, database queries may be performed during view rendering. Explicitly configure spring.jpa.open-in-view to disable this warning
2024-01-26T14:43:59.431+05:30  INFO 2480 --- [main] efaultSchemaResourceGraphQlSourceBuilder : Loaded 13 resource(s) in the GraphQL schema.
2024-01-26T14:44:00.333+05:30  INFO 2480 --- [main] o.s.b.a.g.GraphQlAutoConfiguration       : GraphQL schema inspection:
	Unmapped fields: {DiscountResponse=[successMessage], ProductFeedbackResponse=[successMessage], ProductFeedbackReplyResponse=[successMessage], ProductStocksResponse=[successMessage], Query=[getProductStockssListByProductUuid], UserResponse=[successMessage], RoleResponse=[successMessage], Mutation=[addNewSeller], UserAddressDetailResponse=[successMessage], UserRoleResponse=[successMessage]}
	Unmapped registrations: {Query.getUser=UserController#getUser[1 args], Query.getAllProductSubCategories=ProductSubCategoryController#getAllProductSubCategories[1 args], Query.getAllProductCategories=ProductCategoryController#getAllProductCategories[0 args], Query.getAllActiveProductSubCategories=ProductSubCategoryController#getAllActiveProductSubCategories[1 args], Query.getProductStocksListByProductUuid=ProductStocksController#getProductStocksListByProductUuid[1 args], Query.getAllActiveProductCategories=ProductCategoryController#getAllActiveProductCategories[0 args], Query.getSellerAddressDetails=SellerAddressDetailController#getSellerAddressDetails[1 args]}
	Skipped types: [Product, ProductDetailView]
2024-01-26T14:44:00.411+05:30  INFO 2480 --- [main] s.b.a.g.s.GraphQlWebMvcAutoConfiguration : GraphQL endpoint HTTP POST /graphql
2024-01-26T14:44:00.850+05:30  INFO 2480 --- [main] o.s.s.web.DefaultSecurityFilterChain     : Will secure any request with [org.springframework.security.web.session.DisableEncodeUrlFilter@652f3a8c, org.springframework.security.web.context.request.async.WebAsyncManagerIntegrationFilter@24ccf6a8, org.springframework.security.web.context.SecurityContextHolderFilter@7c556af2, org.springframework.security.web.header.HeaderWriterFilter@270b527f, org.springframework.web.filter.CorsFilter@6dcf902, org.springframework.security.web.csrf.CsrfFilter@7720e110, org.springframework.security.web.authentication.logout.LogoutFilter@599e81bd, com.tamilcreations.estorespringboot.security.JwtAuthenticationFilter@5308c994, org.springframework.security.web.savedrequest.RequestCacheAwareFilter@725bb3a8, org.springframework.security.web.servletapi.SecurityContextHolderAwareRequestFilter@5d699e19, org.springframework.security.web.authentication.AnonymousAuthenticationFilter@4f6f6223, org.springframework.security.web.access.ExceptionTranslationFilter@4288d7b6, org.springframework.security.web.access.intercept.AuthorizationFilter@55fee98a]
2024-01-26T14:44:01.980+05:30  INFO 2480 --- [main] o.s.b.w.embedded.tomcat.TomcatWebServer  : Tomcat started on port 8080 (http) with context path ''
2024-01-26T14:44:02.002+05:30  INFO 2480 --- [main] c.t.e.EStoreSpringbootApplication        : Started EStoreSpringbootApplication in 54.18 seconds (process running for 54.77)
